INFO:root:START make_thumbnails
INFO:root:beginning image downloads
INFO:root:downloaded 26 images in 19.287896500000002 seconds
INFO:root:beginning image resizing
INFO:root:created 26 thumbnails in 2.3532820999999977 seconds
INFO:root:END make_thumbnails in 21.6461003 seconds
[MainThread, 2022-02-20 12:11:37,512, INFO] START make_thumbnails
[MainThread, 2022-02-20 12:11:37,513, INFO] beginning image downloads
[Thread-1, 2022-02-20 12:11:37,515, INFO] downloading image at URl https://dl.dropboxusercontent.com/s/2fu69d8lfesbhru/pexels-photo-48603.jpeg
[Thread-2, 2022-02-20 12:11:37,516, INFO] downloading image at URl https://dl.dropboxusercontent.com/s/zch88m6sb8a7bm1/pexels-photo-134392.jpeg
[Thread-3, 2022-02-20 12:11:37,517, INFO] downloading image at URl https://dl.dropboxusercontent.com/s/lsr6dxw5m2ep5qt/pexels-photo-135130.jpeg
[Thread-4, 2022-02-20 12:11:37,517, INFO] downloading image at URl https://dl.dropboxusercontent.com/s/6xinfm0lcnbirb9/pexels-photo-167300.jpeg
[Thread-5, 2022-02-20 12:11:37,518, INFO] downloading image at URl https://dl.dropboxusercontent.com/s/2dp2hli32h9p0y6/pexels-photo-167921.jpeg
[Thread-6, 2022-02-20 12:11:37,562, INFO] downloading image at URl https://dl.dropboxusercontent.com/s/fjb1m3grcrceqo2/pexels-photo-173125.jpeg
[Thread-7, 2022-02-20 12:11:37,575, INFO] downloading image at URl https://dl.dropboxusercontent.com/s/56u8p4oplagc4bp/pexels-photo-185934.jpeg
[Thread-8, 2022-02-20 12:11:37,607, INFO] downloading image at URl https://dl.dropboxusercontent.com/s/2s1x7wz4sdvxssr/pexels-photo-192454.jpeg
[Thread-9, 2022-02-20 12:11:37,611, INFO] downloading image at URl https://dl.dropboxusercontent.com/s/1gjphqnllzm10hh/pexels-photo-193038.jpeg
[Thread-10, 2022-02-20 12:11:37,611, INFO] downloading image at URl https://dl.dropboxusercontent.com/s/pcjz40c8pxpy057/pexels-photo-193043.jpeg
[Thread-11, 2022-02-20 12:11:37,627, INFO] downloading image at URl https://dl.dropboxusercontent.com/s/hokdfk7y8zmwe96/pexels-photo-207962.jpeg
[Thread-12, 2022-02-20 12:11:37,642, INFO] downloading image at URl https://dl.dropboxusercontent.com/s/k2tk2co7r18juy7/pexels-photo-247917.jpeg
[Thread-13, 2022-02-20 12:11:37,658, INFO] downloading image at URl https://dl.dropboxusercontent.com/s/m4xjekvqk4rksbx/pexels-photo-247932.jpeg
[Thread-14, 2022-02-20 12:11:37,658, INFO] downloading image at URl https://dl.dropboxusercontent.com/s/znmswtwhcdbpc10/pexels-photo-265186.jpeg
[Thread-15, 2022-02-20 12:11:37,705, INFO] downloading image at URl https://dl.dropboxusercontent.com/s/jgb6n4esquhh4gu/pexels-photo-302899.jpeg
[Thread-16, 2022-02-20 12:11:37,705, INFO] downloading image at URl https://dl.dropboxusercontent.com/s/rjuggi2ubc1b3bk/pexels-photo-317156.jpeg
[Thread-17, 2022-02-20 12:11:37,720, INFO] downloading image at URl https://dl.dropboxusercontent.com/s/cpaog2nwplilrz9/pexels-photo-317383.jpeg
[Thread-18, 2022-02-20 12:11:37,736, INFO] downloading image at URl https://dl.dropboxusercontent.com/s/16x2b6ruk18gji5/pexels-photo-320007.jpeg
[Thread-19, 2022-02-20 12:11:37,767, INFO] downloading image at URl https://dl.dropboxusercontent.com/s/xqzqzjkcwl52en0/pexels-photo-322207.jpeg
[Thread-20, 2022-02-20 12:11:37,783, INFO] downloading image at URl https://dl.dropboxusercontent.com/s/frclthpd7t8exma/pexels-photo-323503.jpeg
[Thread-21, 2022-02-20 12:11:37,783, INFO] downloading image at URl https://dl.dropboxusercontent.com/s/7ixez07vnc3jeyg/pexels-photo-324030.jpeg
[Thread-22, 2022-02-20 12:11:37,814, INFO] downloading image at URl https://dl.dropboxusercontent.com/s/1xlgrfy861nyhox/pexels-photo-324655.jpeg
[Thread-23, 2022-02-20 12:11:37,830, INFO] downloading image at URl https://dl.dropboxusercontent.com/s/v1b03d940lop05d/pexels-photo-324658.jpeg
[Thread-24, 2022-02-20 12:11:37,830, INFO] downloading image at URl https://dl.dropboxusercontent.com/s/ehrm5clkucbhvi4/pexels-photo-325520.jpeg
[Thread-25, 2022-02-20 12:11:37,845, INFO] downloading image at URl https://dl.dropboxusercontent.com/s/l7ga4ea98hfl49b/pexels-photo-333529.jpeg
[Thread-26, 2022-02-20 12:11:37,845, INFO] downloading image at URl https://dl.dropboxusercontent.com/s/rleff9tx000k19j/pexels-photo-341520.jpeg
[Thread-7, 2022-02-20 12:11:38,791, INFO] image saved to .\incoming\pexels-photo-185934.jpeg
[Thread-2, 2022-02-20 12:11:38,851, INFO] image saved to .\incoming\pexels-photo-134392.jpeg
[Thread-3, 2022-02-20 12:11:38,891, INFO] image saved to .\incoming\pexels-photo-135130.jpeg
[Thread-1, 2022-02-20 12:11:38,917, INFO] image saved to .\incoming\pexels-photo-48603.jpeg
[Thread-14, 2022-02-20 12:11:38,925, INFO] image saved to .\incoming\pexels-photo-265186.jpeg
[Thread-18, 2022-02-20 12:11:38,937, INFO] image saved to .\incoming\pexels-photo-320007.jpeg
[Thread-11, 2022-02-20 12:11:38,938, INFO] image saved to .\incoming\pexels-photo-207962.jpeg
[Thread-21, 2022-02-20 12:11:38,951, INFO] image saved to .\incoming\pexels-photo-324030.jpeg
[Thread-6, 2022-02-20 12:11:38,954, INFO] image saved to .\incoming\pexels-photo-173125.jpeg
[Thread-25, 2022-02-20 12:11:38,990, INFO] image saved to .\incoming\pexels-photo-333529.jpeg
[Thread-12, 2022-02-20 12:11:39,048, INFO] image saved to .\incoming\pexels-photo-247917.jpeg
[Thread-15, 2022-02-20 12:11:39,049, INFO] image saved to .\incoming\pexels-photo-302899.jpeg
[Thread-8, 2022-02-20 12:11:39,086, INFO] image saved to .\incoming\pexels-photo-192454.jpeg
[Thread-24, 2022-02-20 12:11:39,088, INFO] image saved to .\incoming\pexels-photo-325520.jpeg
[Thread-22, 2022-02-20 12:11:39,159, INFO] image saved to .\incoming\pexels-photo-324655.jpeg
[Thread-5, 2022-02-20 12:11:39,246, INFO] image saved to .\incoming\pexels-photo-167921.jpeg
[Thread-20, 2022-02-20 12:11:39,277, INFO] image saved to .\incoming\pexels-photo-323503.jpeg
[Thread-19, 2022-02-20 12:11:39,310, INFO] image saved to .\incoming\pexels-photo-322207.jpeg
[Thread-16, 2022-02-20 12:11:39,326, INFO] image saved to .\incoming\pexels-photo-317156.jpeg
[Thread-4, 2022-02-20 12:11:39,342, INFO] image saved to .\incoming\pexels-photo-167300.jpeg
[Thread-9, 2022-02-20 12:11:39,458, INFO] image saved to .\incoming\pexels-photo-193038.jpeg
[Thread-13, 2022-02-20 12:11:39,474, INFO] image saved to .\incoming\pexels-photo-247932.jpeg
[Thread-23, 2022-02-20 12:11:39,474, INFO] image saved to .\incoming\pexels-photo-324658.jpeg
[Thread-26, 2022-02-20 12:11:39,558, INFO] image saved to .\incoming\pexels-photo-341520.jpeg
[Thread-10, 2022-02-20 12:11:39,681, INFO] image saved to .\incoming\pexels-photo-193043.jpeg
[Thread-17, 2022-02-20 12:11:39,861, INFO] image saved to .\incoming\pexels-photo-317383.jpeg
[MainThread, 2022-02-20 12:11:39,861, INFO] downloaded 26 images in 2.3590071 seconds
[MainThread, 2022-02-20 12:11:39,861, INFO] END make_thumbnails in 2.3609942000000004 seconds
[MainThread, 2022-02-21 13:07:53,558, INFO] START make_thumbnails
[MainThread, 2022-02-21 13:07:53,559, INFO] beginning image downloads
[Thread-1, 2022-02-21 13:07:53,560, INFO] downloading image at URl https://dl.dropboxusercontent.com/s/2fu69d8lfesbhru/pexels-photo-48603.jpeg
[Thread-2, 2022-02-21 13:07:53,567, INFO] downloading image at URl https://dl.dropboxusercontent.com/s/zch88m6sb8a7bm1/pexels-photo-134392.jpeg
[Thread-3, 2022-02-21 13:07:53,587, INFO] downloading image at URl https://dl.dropboxusercontent.com/s/lsr6dxw5m2ep5qt/pexels-photo-135130.jpeg
[Thread-4, 2022-02-21 13:07:53,599, INFO] downloading image at URl https://dl.dropboxusercontent.com/s/6xinfm0lcnbirb9/pexels-photo-167300.jpeg
[Thread-5, 2022-02-21 13:07:53,622, INFO] downloading image at URl https://dl.dropboxusercontent.com/s/2dp2hli32h9p0y6/pexels-photo-167921.jpeg
[Thread-6, 2022-02-21 13:07:53,622, INFO] downloading image at URl https://dl.dropboxusercontent.com/s/fjb1m3grcrceqo2/pexels-photo-173125.jpeg
[Thread-7, 2022-02-21 13:07:53,637, INFO] downloading image at URl https://dl.dropboxusercontent.com/s/56u8p4oplagc4bp/pexels-photo-185934.jpeg
[Thread-8, 2022-02-21 13:07:53,653, INFO] downloading image at URl https://dl.dropboxusercontent.com/s/2s1x7wz4sdvxssr/pexels-photo-192454.jpeg
[Thread-9, 2022-02-21 13:07:53,669, INFO] downloading image at URl https://dl.dropboxusercontent.com/s/1gjphqnllzm10hh/pexels-photo-193038.jpeg
[Thread-10, 2022-02-21 13:07:53,669, INFO] downloading image at URl https://dl.dropboxusercontent.com/s/pcjz40c8pxpy057/pexels-photo-193043.jpeg
[Thread-11, 2022-02-21 13:07:53,684, INFO] downloading image at URl https://dl.dropboxusercontent.com/s/hokdfk7y8zmwe96/pexels-photo-207962.jpeg
[Thread-12, 2022-02-21 13:07:53,700, INFO] downloading image at URl https://dl.dropboxusercontent.com/s/k2tk2co7r18juy7/pexels-photo-247917.jpeg
[Thread-13, 2022-02-21 13:07:53,715, INFO] downloading image at URl https://dl.dropboxusercontent.com/s/m4xjekvqk4rksbx/pexels-photo-247932.jpeg
[Thread-14, 2022-02-21 13:07:53,715, INFO] downloading image at URl https://dl.dropboxusercontent.com/s/znmswtwhcdbpc10/pexels-photo-265186.jpeg
[Thread-15, 2022-02-21 13:07:53,731, INFO] downloading image at URl https://dl.dropboxusercontent.com/s/jgb6n4esquhh4gu/pexels-photo-302899.jpeg
[Thread-16, 2022-02-21 13:07:53,762, INFO] downloading image at URl https://dl.dropboxusercontent.com/s/rjuggi2ubc1b3bk/pexels-photo-317156.jpeg
[Thread-17, 2022-02-21 13:07:53,762, INFO] downloading image at URl https://dl.dropboxusercontent.com/s/cpaog2nwplilrz9/pexels-photo-317383.jpeg
[Thread-18, 2022-02-21 13:07:53,778, INFO] downloading image at URl https://dl.dropboxusercontent.com/s/16x2b6ruk18gji5/pexels-photo-320007.jpeg
[Thread-19, 2022-02-21 13:07:53,793, INFO] downloading image at URl https://dl.dropboxusercontent.com/s/xqzqzjkcwl52en0/pexels-photo-322207.jpeg
[Thread-20, 2022-02-21 13:07:53,809, INFO] downloading image at URl https://dl.dropboxusercontent.com/s/frclthpd7t8exma/pexels-photo-323503.jpeg
[Thread-21, 2022-02-21 13:07:53,825, INFO] downloading image at URl https://dl.dropboxusercontent.com/s/7ixez07vnc3jeyg/pexels-photo-324030.jpeg
[Thread-22, 2022-02-21 13:07:53,825, INFO] downloading image at URl https://dl.dropboxusercontent.com/s/1xlgrfy861nyhox/pexels-photo-324655.jpeg
[Thread-23, 2022-02-21 13:07:53,856, INFO] downloading image at URl https://dl.dropboxusercontent.com/s/v1b03d940lop05d/pexels-photo-324658.jpeg
[Thread-24, 2022-02-21 13:07:53,872, INFO] downloading image at URl https://dl.dropboxusercontent.com/s/ehrm5clkucbhvi4/pexels-photo-325520.jpeg
[Thread-25, 2022-02-21 13:07:53,872, INFO] downloading image at URl https://dl.dropboxusercontent.com/s/l7ga4ea98hfl49b/pexels-photo-333529.jpeg
[Thread-26, 2022-02-21 13:07:53,887, INFO] downloading image at URl https://dl.dropboxusercontent.com/s/rleff9tx000k19j/pexels-photo-341520.jpeg
[Thread-7, 2022-02-21 13:07:54,686, INFO] image [40052 bytes] saved to .\incoming\pexels-photo-185934.jpeg
[Thread-11, 2022-02-21 13:07:54,805, INFO] image [72124 bytes] saved to .\incoming\pexels-photo-207962.jpeg
[Thread-1, 2022-02-21 13:07:55,012, INFO] image [77069 bytes] saved to .\incoming\pexels-photo-48603.jpeg
[Thread-18, 2022-02-21 13:07:55,015, INFO] image [74683 bytes] saved to .\incoming\pexels-photo-320007.jpeg
[Thread-14, 2022-02-21 13:07:55,320, INFO] image [91450 bytes] saved to .\incoming\pexels-photo-265186.jpeg
[Thread-6, 2022-02-21 13:07:55,387, INFO] image [125169 bytes] saved to .\incoming\pexels-photo-173125.jpeg
[Thread-3, 2022-02-21 13:07:55,627, INFO] image [114081 bytes] saved to .\incoming\pexels-photo-135130.jpeg
[Thread-25, 2022-02-21 13:07:55,674, INFO] image [116605 bytes] saved to .\incoming\pexels-photo-333529.jpeg
[Thread-21, 2022-02-21 13:07:55,705, INFO] image [181821 bytes] saved to .\incoming\pexels-photo-324030.jpeg
[Thread-2, 2022-02-21 13:07:55,705, INFO] image [197058 bytes] saved to .\incoming\pexels-photo-134392.jpeg
[Thread-22, 2022-02-21 13:07:55,753, INFO] image [151399 bytes] saved to .\incoming\pexels-photo-324655.jpeg
[Thread-20, 2022-02-21 13:07:55,873, INFO] image [177982 bytes] saved to .\incoming\pexels-photo-323503.jpeg
[Thread-15, 2022-02-21 13:07:56,019, INFO] image [151442 bytes] saved to .\incoming\pexels-photo-302899.jpeg
[Thread-8, 2022-02-21 13:07:56,066, INFO] image [186764 bytes] saved to .\incoming\pexels-photo-192454.jpeg
[Thread-26, 2022-02-21 13:07:56,097, INFO] image [276539 bytes] saved to .\incoming\pexels-photo-341520.jpeg
[Thread-13, 2022-02-21 13:07:56,097, INFO] image [259934 bytes] saved to .\incoming\pexels-photo-247932.jpeg
[Thread-24, 2022-02-21 13:07:56,176, INFO] image [180393 bytes] saved to .\incoming\pexels-photo-325520.jpeg
[Thread-12, 2022-02-21 13:07:56,271, INFO] image [184097 bytes] saved to .\incoming\pexels-photo-247917.jpeg
[Thread-16, 2022-02-21 13:07:56,287, INFO] image [233494 bytes] saved to .\incoming\pexels-photo-317156.jpeg
[Thread-9, 2022-02-21 13:07:56,365, INFO] image [364212 bytes] saved to .\incoming\pexels-photo-193038.jpeg
[Thread-5, 2022-02-21 13:07:56,365, INFO] image [275019 bytes] saved to .\incoming\pexels-photo-167921.jpeg
[Thread-23, 2022-02-21 13:07:56,434, INFO] image [263485 bytes] saved to .\incoming\pexels-photo-324658.jpeg
[Thread-4, 2022-02-21 13:07:56,888, INFO] image [304763 bytes] saved to .\incoming\pexels-photo-167300.jpeg
[Thread-10, 2022-02-21 13:07:56,920, INFO] image [420808 bytes] saved to .\incoming\pexels-photo-193043.jpeg
[Thread-19, 2022-02-21 13:07:56,951, INFO] image [515517 bytes] saved to .\incoming\pexels-photo-322207.jpeg
[Thread-17, 2022-02-21 13:07:57,098, INFO] image [591633 bytes] saved to .\incoming\pexels-photo-317383.jpeg
[MainThread, 2022-02-21 13:07:57,113, INFO] downloaded 26 images [5627593 bytes] in 3.5511251999999995 seconds
[MainThread, 2022-02-21 13:07:57,113, INFO] END make_thumbnails in 3.5589433999999995 seconds
[MainThread, 2022-02-21 17:56:02,159, INFO] START make_thumbnails
[MainThread, 2022-02-21 17:56:02,170, INFO] beginning image downloads
[Thread-1, 2022-02-21 17:56:02,173, INFO] downloading image at URl https://dl.dropboxusercontent.com/s/2fu69d8lfesbhru/pexels-photo-48603.jpeg
[Thread-2, 2022-02-21 17:56:02,176, INFO] downloading image at URl https://dl.dropboxusercontent.com/s/zch88m6sb8a7bm1/pexels-photo-134392.jpeg
[Thread-3, 2022-02-21 17:56:02,177, INFO] downloading image at URl https://dl.dropboxusercontent.com/s/lsr6dxw5m2ep5qt/pexels-photo-135130.jpeg
[Thread-4, 2022-02-21 17:56:02,178, INFO] downloading image at URl https://dl.dropboxusercontent.com/s/6xinfm0lcnbirb9/pexels-photo-167300.jpeg
[Thread-1, 2022-02-21 17:56:03,065, INFO] image [77069 bytes] saved to .\incoming\pexels-photo-48603.jpeg
[Thread-5, 2022-02-21 17:56:03,065, INFO] downloading image at URl https://dl.dropboxusercontent.com/s/2dp2hli32h9p0y6/pexels-photo-167921.jpeg
[Thread-3, 2022-02-21 17:56:03,142, INFO] image [114081 bytes] saved to .\incoming\pexels-photo-135130.jpeg
[Thread-6, 2022-02-21 17:56:03,142, INFO] downloading image at URl https://dl.dropboxusercontent.com/s/fjb1m3grcrceqo2/pexels-photo-173125.jpeg
[Thread-4, 2022-02-21 17:56:03,234, INFO] image [304763 bytes] saved to .\incoming\pexels-photo-167300.jpeg
[Thread-7, 2022-02-21 17:56:03,234, INFO] downloading image at URl https://dl.dropboxusercontent.com/s/56u8p4oplagc4bp/pexels-photo-185934.jpeg
[Thread-2, 2022-02-21 17:56:03,281, INFO] image [197058 bytes] saved to .\incoming\pexels-photo-134392.jpeg
[Thread-8, 2022-02-21 17:56:03,282, INFO] downloading image at URl https://dl.dropboxusercontent.com/s/2s1x7wz4sdvxssr/pexels-photo-192454.jpeg
[Thread-5, 2022-02-21 17:56:03,965, INFO] image [275019 bytes] saved to .\incoming\pexels-photo-167921.jpeg
[Thread-9, 2022-02-21 17:56:03,966, INFO] downloading image at URl https://dl.dropboxusercontent.com/s/1gjphqnllzm10hh/pexels-photo-193038.jpeg
[Thread-7, 2022-02-21 17:56:04,036, INFO] image [40052 bytes] saved to .\incoming\pexels-photo-185934.jpeg
[Thread-10, 2022-02-21 17:56:04,036, INFO] downloading image at URl https://dl.dropboxusercontent.com/s/pcjz40c8pxpy057/pexels-photo-193043.jpeg
[Thread-8, 2022-02-21 17:56:04,145, INFO] image [186764 bytes] saved to .\incoming\pexels-photo-192454.jpeg
[Thread-11, 2022-02-21 17:56:04,146, INFO] downloading image at URl https://dl.dropboxusercontent.com/s/hokdfk7y8zmwe96/pexels-photo-207962.jpeg
[Thread-6, 2022-02-21 17:56:04,230, INFO] image [125169 bytes] saved to .\incoming\pexels-photo-173125.jpeg
[Thread-12, 2022-02-21 17:56:04,231, INFO] downloading image at URl https://dl.dropboxusercontent.com/s/k2tk2co7r18juy7/pexels-photo-247917.jpeg
[Thread-9, 2022-02-21 17:56:04,978, INFO] image [364212 bytes] saved to .\incoming\pexels-photo-193038.jpeg
[Thread-13, 2022-02-21 17:56:04,978, INFO] downloading image at URl https://dl.dropboxusercontent.com/s/m4xjekvqk4rksbx/pexels-photo-247932.jpeg
[Thread-11, 2022-02-21 17:56:05,013, INFO] image [72124 bytes] saved to .\incoming\pexels-photo-207962.jpeg
[Thread-14, 2022-02-21 17:56:05,014, INFO] downloading image at URl https://dl.dropboxusercontent.com/s/znmswtwhcdbpc10/pexels-photo-265186.jpeg
[Thread-10, 2022-02-21 17:56:05,038, INFO] image [420808 bytes] saved to .\incoming\pexels-photo-193043.jpeg
[Thread-15, 2022-02-21 17:56:05,038, INFO] downloading image at URl https://dl.dropboxusercontent.com/s/jgb6n4esquhh4gu/pexels-photo-302899.jpeg
[Thread-12, 2022-02-21 17:56:05,102, INFO] image [184097 bytes] saved to .\incoming\pexels-photo-247917.jpeg
[Thread-16, 2022-02-21 17:56:05,103, INFO] downloading image at URl https://dl.dropboxusercontent.com/s/rjuggi2ubc1b3bk/pexels-photo-317156.jpeg
[Thread-13, 2022-02-21 17:56:05,902, INFO] image [259934 bytes] saved to .\incoming\pexels-photo-247932.jpeg
[Thread-17, 2022-02-21 17:56:05,902, INFO] downloading image at URl https://dl.dropboxusercontent.com/s/cpaog2nwplilrz9/pexels-photo-317383.jpeg
[Thread-14, 2022-02-21 17:56:05,902, INFO] image [91450 bytes] saved to .\incoming\pexels-photo-265186.jpeg
[Thread-18, 2022-02-21 17:56:05,918, INFO] downloading image at URl https://dl.dropboxusercontent.com/s/16x2b6ruk18gji5/pexels-photo-320007.jpeg
[Thread-15, 2022-02-21 17:56:06,027, INFO] image [151442 bytes] saved to .\incoming\pexels-photo-302899.jpeg
[Thread-19, 2022-02-21 17:56:06,029, INFO] downloading image at URl https://dl.dropboxusercontent.com/s/xqzqzjkcwl52en0/pexels-photo-322207.jpeg
[Thread-16, 2022-02-21 17:56:06,082, INFO] image [233494 bytes] saved to .\incoming\pexels-photo-317156.jpeg
[Thread-20, 2022-02-21 17:56:06,082, INFO] downloading image at URl https://dl.dropboxusercontent.com/s/frclthpd7t8exma/pexels-photo-323503.jpeg
[Thread-18, 2022-02-21 17:56:06,736, INFO] image [74683 bytes] saved to .\incoming\pexels-photo-320007.jpeg
[Thread-21, 2022-02-21 17:56:06,736, INFO] downloading image at URl https://dl.dropboxusercontent.com/s/7ixez07vnc3jeyg/pexels-photo-324030.jpeg
[Thread-17, 2022-02-21 17:56:06,894, INFO] image [591633 bytes] saved to .\incoming\pexels-photo-317383.jpeg
[Thread-22, 2022-02-21 17:56:06,894, INFO] downloading image at URl https://dl.dropboxusercontent.com/s/1xlgrfy861nyhox/pexels-photo-324655.jpeg
[Thread-20, 2022-02-21 17:56:06,968, INFO] image [177982 bytes] saved to .\incoming\pexels-photo-323503.jpeg
[Thread-23, 2022-02-21 17:56:06,968, INFO] downloading image at URl https://dl.dropboxusercontent.com/s/v1b03d940lop05d/pexels-photo-324658.jpeg
[Thread-19, 2022-02-21 17:56:07,068, INFO] image [515517 bytes] saved to .\incoming\pexels-photo-322207.jpeg
[Thread-24, 2022-02-21 17:56:07,068, INFO] downloading image at URl https://dl.dropboxusercontent.com/s/ehrm5clkucbhvi4/pexels-photo-325520.jpeg
[Thread-21, 2022-02-21 17:56:07,724, INFO] image [181821 bytes] saved to .\incoming\pexels-photo-324030.jpeg
[Thread-25, 2022-02-21 17:56:07,725, INFO] downloading image at URl https://dl.dropboxusercontent.com/s/l7ga4ea98hfl49b/pexels-photo-333529.jpeg
[Thread-22, 2022-02-21 17:56:07,756, INFO] image [151399 bytes] saved to .\incoming\pexels-photo-324655.jpeg
[Thread-26, 2022-02-21 17:56:07,757, INFO] downloading image at URl https://dl.dropboxusercontent.com/s/rleff9tx000k19j/pexels-photo-341520.jpeg
[Thread-24, 2022-02-21 17:56:07,892, INFO] image [180393 bytes] saved to .\incoming\pexels-photo-325520.jpeg
[Thread-23, 2022-02-21 17:56:07,929, INFO] image [263485 bytes] saved to .\incoming\pexels-photo-324658.jpeg
[Thread-25, 2022-02-21 17:56:08,513, INFO] image [116605 bytes] saved to .\incoming\pexels-photo-333529.jpeg
[Thread-26, 2022-02-21 17:56:08,613, INFO] image [276539 bytes] saved to .\incoming\pexels-photo-341520.jpeg
[MainThread, 2022-02-21 17:56:08,618, INFO] downloaded 26 images [5627593 bytes] in 6.4423716 seconds
[MainThread, 2022-02-21 17:56:08,618, INFO] END make_thumbnails in 6.4500044 seconds
